<?xml version="1.0" encoding="UTF-8"?>
<!-- Generated by org.testng.reporters.JUnitXMLReporter -->
<testsuite hostname="PTANGIRAHZFYQG2" ignored="0" name="Test" tests="3" failures="0" timestamp="18 Dec 2018 13:12:44 GMT" time="3.592" errors="0">
  <testcase name="TC01_getStatusOFTweet" time="1.594" classname="tests.GetDetails"/>
  <testcase name="TC02_creationOfTweet" time="0.526" classname="tests.GetDetails"/>
  <testcase name="TC03_deletionOfTweet" time="1.073" classname="tests.GetDetails"/>
</testsuite> <!-- Test -->
